Arguments: 
  /Users/stanleyxu/.nvm/versions/node/v10.10.0/bin/node /Users/stanleyxu/.nvm/versions/node/v10.10.0/bin/yarn

PATH: 
  /var/folders/t7/fmh_p__x40b2f2f0svm0jlvw0000gn/T/yarn--1570505720123-0.7690707004088388:/Users/stanleyxu/Documents/mft/mo9/examples/vue-cli-demo/packages/fragment-vue-grandson/node_modules/.bin:/Users/stanleyxu/.config/yarn/link/node_modules/.bin:/Users/stanleyxu/Documents/mft/mo9/examples/vue-cli-demo/node_modules/.bin:/Users/stanleyxu/.nvm/versions/node/v10.10.0/libexec/lib/node_modules/npm/bin/node-gyp-bin:/Users/stanleyxu/.nvm/versions/node/v10.10.0/lib/node_modules/npm/bin/node-gyp-bin:/Users/stanleyxu/.nvm/versions/node/v10.10.0/bin/node_modules/npm/bin/node-gyp-bin:/Users/stanleyxu/Documents/mft/mo9/examples/vue-cli-demo/packages/fragment-vue-grandson/node_modules/.bin:/Users/stanleyxu/Documents/mft/mo9/examples/vue-cli-demo/packages/node_modules/.bin:/Users/stanleyxu/Documents/mft/mo9/examples/vue-cli-demo/node_modules/.bin:/Users/stanleyxu/Documents/mft/mo9/examples/node_modules/.bin:/Users/stanleyxu/Documents/mft/mo9/node_modules/.bin:/Users/stanleyxu/Documents/mft/node_modules/.bin:/Users/stanleyxu/Documents/node_modules/.bin:/Users/stanleyxu/node_modules/.bin:/Users/node_modules/.bin:/node_modules/.bin:/Users/stanleyxu/.nvm/versions/node/v10.10.0/bin:/Users/stanleyxu/.nvm/versions/node/v10.10.0/lib/node_modules/npm/node_modules/npm-lifecycle/node-gyp-bin:/Users/stanleyxu/Documents/mft/mo9/examples/vue-cli-demo/node_modules/.bin:/usr/local/bin:/Users/stanleyxu/.nvm/versions/node/v10.10.0/bin:/usr/local/bin:/usr/bin:/bin:/usr/sbin:/sbin:/Users/stanleyxu/.nvm/versions/node/v10.10.0/bin:/Users/stanleyxu/go/bin:/Users/stanleyxu/go/bin

Yarn version: 
  1.17.3

Node version: 
  10.10.0

Platform: 
  darwin x64

Trace: 
  Error: EINVAL: invalid argument, unlink '/Users/stanleyxu/Documents/mft/mo9/examples/vue-cli-demo/packages/fragment-vue-grandson/node_modules/create-ecdh/package.json'

npm manifest: 
  {
    "name": "fragment-vue-grandson",
    "version": "0.1.0",
    "private": true,
    "scripts": {
      "serve": "vue-cli-service serve --host localhost --port 8099",
      "build": "vue-cli-service build",
      "rebuild": "vue-cli-service build --mode mft",
      "lint": "vue-cli-service lint",
      "app": "nodemon fragments.js",
      "build:app": "yarn run rebuild && yarn run app",
      "chaoxi": "yarn add chaoxi -S && yarn && yarn run build:app",
      "init": "yarn"
    },
    "dependencies": {
      "chaoxi": "^1.0.82",
      "core-js": "^2.6.5",
      "cross-env": "^6.0.0",
      "vue": "^2.6.10",
      "vue-router": "^3.1.3"
    },
    "devDependencies": {
      "@koa/cors": "^2.2.3",
      "@vue/cli-plugin-babel": "^3.11.0",
      "@vue/cli-plugin-eslint": "^3.11.0",
      "@vue/cli-service": "^3.11.0",
      "babel-eslint": "^10.0.1",
      "compression-webpack-plugin": "^3.0.0",
      "eslint": "^5.16.0",
      "eslint-plugin-vue": "^5.0.0",
      "koa": "^2.8.2",
      "koa-compress": "^3.0.0",
      "koa-static": "^5.0.0",
      "koa-views": "^6.2.1",
      "koa2-cors": "^2.0.6",
      "node-sass": "^4.12.0",
      "nodemon": "^1.19.3",
      "postcss-import": "^12.0.1",
      "postcss-normalize": "^8.0.1",
      "postcss-selector-namespace": "^3.0.1",
      "sass-loader": "^8.0.0",
      "vue-template-compiler": "^2.6.10"
    },
    "eslintConfig": {
      "root": true,
      "env": {
        "node": true
      },
      "extends": [
        "plugin:vue/essential",
        "eslint:recommended"
      ],
      "rules": {},
      "parserOptions": {
        "parser": "babel-eslint"
      }
    },
    "postcss": {
      "plugins": {
        "autoprefixer": {}
      }
    },
    "browserslist": [
      "> 1%",
      "last 2 versions"
    ]
  }

yarn manifest: 
  No manifest

Lockfile: 
  No lockfile
